0 info it worked if it ends with ok
1 verbose cli [ 'C:\\Program Files\\nodejs\\node.exe',
1 verbose cli   'C:\\Program Files\\nodejs\\node_modules\\npm\\bin\\npm-cli.js',
1 verbose cli   'run',
1 verbose cli   'serve' ]
2 info using npm@3.10.8
3 info using node@v6.9.1
4 verbose run-script [ 'preserve', 'serve', 'postserve' ]
5 info lifecycle shared-bookmarks@1.1.0~preserve: shared-bookmarks@1.1.0
6 silly lifecycle shared-bookmarks@1.1.0~preserve: no script for preserve, continuing
7 info lifecycle shared-bookmarks@1.1.0~serve: shared-bookmarks@1.1.0
8 verbose lifecycle shared-bookmarks@1.1.0~serve: unsafe-perm in lifecycle true
9 verbose lifecycle shared-bookmarks@1.1.0~serve: PATH: C:\Program Files\nodejs\node_modules\npm\bin\node-gyp-bin;C:\Users\hen\Desktop\Angular 2 Step By Step\6.Http\4.GET (CRUD)\node_modules\.bin;C:\ProgramData\Oracle\Java\javapath;C:\Program Files (x86)\Intel\iCLS Client\;C:\Program Files\Intel\iCLS Client\;C:\Windows\system32;C:\Windows;C:\Windows\System32\Wbem;C:\Windows\System32\WindowsPowerShell\v1.0\;C:\Program Files\Intel\Intel(R) Management Engine Components\DAL;C:\Program Files (x86)\Intel\Intel(R) Management Engine Components\DAL;C:\Program Files\Intel\Intel(R) Management Engine Components\IPT;C:\Program Files (x86)\Intel\Intel(R) Management Engine Components\IPT;C:\Windows\system32\config\systemprofile\.dnx\bin;C:\Program Files\Microsoft DNX\Dnvm\;C:\Program Files (x86)\GtkSharp\2.12\bin;C:\Program Files\Microsoft SQL Server\Client SDK\ODBC\110\Tools\Binn\;C:\Program Files (x86)\Microsoft SQL Server\120\Tools\Binn\;C:\Program Files\Microsoft SQL Server\120\Tools\Binn\;C:\Program Files\Microsoft SQL Server\120\DTS\Binn\;C:\Program Files (x86)\Microsoft SQL Server\120\Tools\Binn\ManagementStudio\;C:\Program Files (x86)\Microsoft SQL Server\120\DTS\Binn\;C:\Program Files (x86)\Skype\Phone\;C:\Program Files (x86)\Windows Kits\8.1\Windows Performance Toolkit\;C:\Program Files (x86)\Microsoft Emulator Manager\1.0\;C:\Program Files\nodejs\;C:\Users\hen\AppData\Roaming\npm;C:\Program Files (x86)\Microsoft VS Code\bin
10 verbose lifecycle shared-bookmarks@1.1.0~serve: CWD: C:\Users\hen\Desktop\Angular 2 Step By Step\6.Http\4.GET (CRUD)
11 silly lifecycle shared-bookmarks@1.1.0~serve: Args: [ '/d /s /c', 'tsc && concurrently "tsc -w" lite-server' ]
12 silly lifecycle shared-bookmarks@1.1.0~serve: Returned: code: 3221225786  signal: null
13 info lifecycle shared-bookmarks@1.1.0~serve: Failed to exec serve script
14 verbose stack Error: shared-bookmarks@1.1.0 serve: `tsc && concurrently "tsc -w" lite-server`
14 verbose stack Exit status 3221225786
14 verbose stack     at EventEmitter.<anonymous> (C:\Program Files\nodejs\node_modules\npm\lib\utils\lifecycle.js:255:16)
14 verbose stack     at emitTwo (events.js:106:13)
14 verbose stack     at EventEmitter.emit (events.js:191:7)
14 verbose stack     at ChildProcess.<anonymous> (C:\Program Files\nodejs\node_modules\npm\lib\utils\spawn.js:40:14)
14 verbose stack     at emitTwo (events.js:106:13)
14 verbose stack     at ChildProcess.emit (events.js:191:7)
14 verbose stack     at maybeClose (internal/child_process.js:877:16)
14 verbose stack     at Process.ChildProcess._handle.onexit (internal/child_process.js:226:5)
15 verbose pkgid shared-bookmarks@1.1.0
16 verbose cwd C:\Users\hen\Desktop\Angular 2 Step By Step\6.Http\4.GET (CRUD)
17 error Windows_NT 6.3.9600
18 error argv "C:\\Program Files\\nodejs\\node.exe" "C:\\Program Files\\nodejs\\node_modules\\npm\\bin\\npm-cli.js" "run" "serve"
19 error node v6.9.1
20 error npm  v3.10.8
21 error code ELIFECYCLE
22 error shared-bookmarks@1.1.0 serve: `tsc && concurrently "tsc -w" lite-server`
22 error Exit status 3221225786
23 error Failed at the shared-bookmarks@1.1.0 serve script 'tsc && concurrently "tsc -w" lite-server'.
23 error Make sure you have the latest version of node.js and npm installed.
23 error If you do, this is most likely a problem with the shared-bookmarks package,
23 error not with npm itself.
23 error Tell the author that this fails on your system:
23 error     tsc && concurrently "tsc -w" lite-server
23 error You can get information on how to open an issue for this project with:
23 error     npm bugs shared-bookmarks
23 error Or if that isn't available, you can get their info via:
23 error     npm owner ls shared-bookmarks
23 error There is likely additional logging output above.
24 verbose exit [ 1, true ]
